[debug] [2025-12-11T23:21:32.283Z] ----------------------------------------------------------------------
[debug] [2025-12-11T23:21:32.285Z] Command:       /nix/store/ws50yvm6vzlzf7jzz6n7xh4szddrack1-nodejs-20.19.1/bin/node /nix/store/c776mhyhgykcld7p90ajrka149ifn61a-firebase-tools-14.26.0/lib/node_modules/firebase-tools/lib/bin/firebase.js init hosting
[debug] [2025-12-11T23:21:32.286Z] CLI Version:   14.26.0
[debug] [2025-12-11T23:21:32.286Z] Platform:      linux
[debug] [2025-12-11T23:21:32.286Z] Node Version:  v20.19.1
[debug] [2025-12-11T23:21:32.286Z] Time:          Thu Dec 11 2025 23:21:32 GMT+0000 (Coordinated Universal Time)
[debug] [2025-12-11T23:21:32.287Z] ----------------------------------------------------------------------
[debug] 
[debug] [2025-12-11T23:21:32.289Z] >>> [apiv2][query] GET https://firebase-public.firebaseio.com/cli.json [none]
[debug] [2025-12-11T23:21:32.341Z] No OAuth tokens found
[debug] [2025-12-11T23:21:32.342Z] No OAuth tokens found
[error] Failed to fetch Firebase Project from current Studio Workspace: Unable to refresh auth: not yet authenticated.
[info] 
     ######## #### ########  ######## ########     ###     ######  ########
     ##        ##  ##     ## ##       ##     ##  ##   ##  ##       ##
     ######    ##  ########  ######   ########  #########  ######  ######
     ##        ##  ##    ##  ##       ##     ## ##     ##       ## ##
     ##       #### ##     ## ######## ########  ##     ##  ######  ########

You're about to initialize a Firebase project in this directory:

  /home/user/studio

[info] 
=== Project Setup
[info] 
[info] First, let's associate this project directory with a Firebase project.
[info] You can create multiple project aliases by running firebase use --add, 
[info] 
[debug] [2025-12-11T23:21:32.352Z] > command requires scopes: ["email","openid","https://www.googleapis.com/auth/cloudplatformprojects.readonly","https://www.googleapis.com/auth/firebase","https://www.googleapis.com/auth/cloud-platform","https://www.googleapis.com/auth/userinfo.email"]
[debug] [2025-12-11T23:21:32.353Z] > authorizing via signed-in user (knightfredel@gmail.com)
[debug] [2025-12-11T23:21:32.353Z] No OAuth tokens found
[debug] [2025-12-11T23:21:32.354Z] No OAuth tokens found
[debug] [2025-12-11T23:21:32.354Z] > command requires scopes: ["email","openid","https://www.googleapis.com/auth/cloudplatformprojects.readonly","https://www.googleapis.com/auth/firebase","https://www.googleapis.com/auth/cloud-platform","https://www.googleapis.com/auth/userinfo.email"]
[debug] [2025-12-11T23:21:32.354Z] > authorizing via signed-in user (knightfredel@gmail.com)
[debug] [2025-12-11T23:21:32.355Z] >>> [apiv2][query] GET https://firebase.googleapis.com/v1beta1/projects/monospace-3 [none]
[debug] [2025-12-11T23:21:32.597Z] <<< [apiv2][status] GET https://firebase-public.firebaseio.com/cli.json 200
[debug] [2025-12-11T23:21:32.598Z] <<< [apiv2][body] GET https://firebase-public.firebaseio.com/cli.json {"cloudBuildErrorAfter":1594252800000,"cloudBuildWarnAfter":1590019200000,"defaultNode10After":1594252800000,"minVersion":"3.0.5","node8DeploysDisabledAfter":1613390400000,"node8RuntimeDisabledAfter":1615809600000,"node8WarnAfter":1600128000000}
[debug] [2025-12-11T23:21:32.764Z] <<< [apiv2][status] GET https://firebase.googleapis.com/v1beta1/projects/monospace-3 403
[debug] [2025-12-11T23:21:32.764Z] <<< [apiv2][body] GET https://firebase.googleapis.com/v1beta1/projects/monospace-3 {"error":{"code":403,"message":"The caller does not have permission","status":"PERMISSION_DENIED"}}
[debug] [2025-12-11T23:21:32.766Z] Request to https://firebase.googleapis.com/v1beta1/projects/monospace-3 had HTTP Error: 403, The caller does not have permission
[debug] [2025-12-11T23:21:32.770Z] FirebaseError: Request to https://firebase.googleapis.com/v1beta1/projects/monospace-3 had HTTP Error: 403, The caller does not have permission
    at responseToError (/nix/store/c776mhyhgykcld7p90ajrka149ifn61a-firebase-tools-14.26.0/lib/node_modules/firebase-tools/lib/responseToError.js:53:12)
    at RetryOperation._fn (/nix/store/c776mhyhgykcld7p90ajrka149ifn61a-firebase-tools-14.26.0/lib/node_modules/firebase-tools/lib/apiv2.js:322:77)
    at process.processTicksAndRejections (node:internal/process/task_queues:95:5)
[error] 
[error] Error: Failed to get Firebase project monospace-3. Please make sure the project exists and your account has permission to access it.
